<?xml version="1.0" encoding="UTF-8"?>
<testng-results ignored="0" total="2" passed="2" failed="0" skipped="0">
  <reporter-output>
  </reporter-output>
  <suite started-at="2022-11-11T21:52:30 PST" name="Default suite" finished-at="2022-11-11T21:52:35 PST" duration-ms="5220">
    <groups>
    </groups>
    <test started-at="2022-11-11T21:52:30 PST" name="Default test" finished-at="2022-11-11T21:52:35 PST" duration-ms="5220">
      <class name="SeleniumWebDriverConcept.TestNGEx">
        <test-method is-config="true" signature="test1()[pri:0, instance:SeleniumWebDriverConcept.TestNGEx@434a63ab]" started-at="2022-11-11T21:52:28 PST" name="test1" finished-at="2022-11-11T21:52:30 PST" duration-ms="1858" status="PASS">
          <reporter-output>
          </reporter-output>
        </test-method> <!-- test1 -->
        <test-method is-config="true" signature="test3()[pri:0, instance:SeleniumWebDriverConcept.TestNGEx@434a63ab]" started-at="2022-11-11T21:52:30 PST" name="test3" finished-at="2022-11-11T21:52:30 PST" duration-ms="0" status="PASS">
          <reporter-output>
          </reporter-output>
        </test-method> <!-- test3 -->
        <test-method is-config="true" signature="test7()[pri:0, instance:SeleniumWebDriverConcept.TestNGEx@434a63ab]" started-at="2022-11-11T21:52:30 PST" name="test7" finished-at="2022-11-11T21:52:30 PST" duration-ms="0" status="PASS">
          <reporter-output>
          </reporter-output>
        </test-method> <!-- test7 -->
        <test-method is-config="true" signature="test5()[pri:0, instance:SeleniumWebDriverConcept.TestNGEx@434a63ab]" started-at="2022-11-11T21:52:30 PST" name="test5" finished-at="2022-11-11T21:52:30 PST" duration-ms="0" status="PASS">
          <reporter-output>
          </reporter-output>
        </test-method> <!-- test5 -->
        <test-method signature="case1()[pri:1, instance:SeleniumWebDriverConcept.TestNGEx@434a63ab]" started-at="2022-11-11T21:52:30 PST" name="case1" finished-at="2022-11-11T21:52:31 PST" duration-ms="1002" status="PASS">
          <reporter-output>
          </reporter-output>
        </test-method> <!-- case1 -->
        <test-method is-config="true" signature="test6()[pri:0, instance:SeleniumWebDriverConcept.TestNGEx@434a63ab]" started-at="2022-11-11T21:52:31 PST" name="test6" finished-at="2022-11-11T21:52:31 PST" duration-ms="0" status="PASS">
          <reporter-output>
          </reporter-output>
        </test-method> <!-- test6 -->
        <test-method is-config="true" signature="test5()[pri:0, instance:SeleniumWebDriverConcept.TestNGEx@434a63ab]" started-at="2022-11-11T21:52:31 PST" name="test5" finished-at="2022-11-11T21:52:31 PST" duration-ms="0" status="PASS">
          <reporter-output>
          </reporter-output>
        </test-method> <!-- test5 -->
        <test-method signature="case2()[pri:2, instance:SeleniumWebDriverConcept.TestNGEx@434a63ab]" started-at="2022-11-11T21:52:31 PST" name="case2" finished-at="2022-11-11T21:52:35 PST" duration-ms="4176" status="PASS">
          <reporter-output>
          </reporter-output>
        </test-method> <!-- case2 -->
        <test-method is-config="true" signature="test6()[pri:0, instance:SeleniumWebDriverConcept.TestNGEx@434a63ab]" started-at="2022-11-11T21:52:35 PST" name="test6" finished-at="2022-11-11T21:52:35 PST" duration-ms="0" status="PASS">
          <reporter-output>
          </reporter-output>
        </test-method> <!-- test6 -->
        <test-method is-config="true" signature="test8()[pri:0, instance:SeleniumWebDriverConcept.TestNGEx@434a63ab]" started-at="2022-11-11T21:52:35 PST" name="test8" finished-at="2022-11-11T21:52:35 PST" duration-ms="1" status="PASS">
          <reporter-output>
          </reporter-output>
        </test-method> <!-- test8 -->
        <test-method is-config="true" signature="test4()[pri:0, instance:SeleniumWebDriverConcept.TestNGEx@434a63ab]" started-at="2022-11-11T21:52:35 PST" name="test4" finished-at="2022-11-11T21:52:35 PST" duration-ms="0" status="PASS">
          <reporter-output>
          </reporter-output>
        </test-method> <!-- test4 -->
        <test-method is-config="true" signature="test2()[pri:0, instance:SeleniumWebDriverConcept.TestNGEx@434a63ab]" started-at="2022-11-11T21:52:35 PST" name="test2" finished-at="2022-11-11T21:52:35 PST" duration-ms="0" status="PASS">
          <reporter-output>
          </reporter-output>
        </test-method> <!-- test2 -->
      </class> <!-- SeleniumWebDriverConcept.TestNGEx -->
    </test> <!-- Default test -->
  </suite> <!-- Default suite -->
</testng-results>
